2020-03-18 17:49:47.100  WARN 29603 --- [restartedMain] o.s.boot.StartupInfoLogger               : InetAddress.getLocalHost().getHostName() took 30006 milliseconds to respond. Please verify your network configuration (macOS machines may need to add entries to /etc/hosts).
2020-03-18 17:50:17.109  INFO 29603 --- [restartedMain] com.coe.moi.core.CoreApplication         : Starting CoreApplication on BLRJPT116772L with PID 29603 (/Users/istiaque_hussain/machine_bkup/projects/coe/gits/moi/core/target/classes started by istiaque_hussain in /Users/istiaque_hussain/machine_bkup/projects/coe/gits/moi/core)
2020-03-18 17:50:17.110  INFO 29603 --- [restartedMain] com.coe.moi.core.CoreApplication         : The following profiles are active: prod
2020-03-18 17:50:17.147  INFO 29603 --- [restartedMain] o.s.b.devtools.restart.ChangeableUrls    : The Class-Path manifest attribute in /Users/istiaque_hussain/.m2/repository/org/glassfish/jaxb/jaxb-runtime/2.3.2/jaxb-runtime-2.3.2.jar referenced one or more files that do not exist: file:/Users/istiaque_hussain/.m2/repository/org/glassfish/jaxb/jaxb-runtime/2.3.2/jakarta.xml.bind-api-2.3.2.jar,file:/Users/istiaque_hussain/.m2/repository/org/glassfish/jaxb/jaxb-runtime/2.3.2/txw2-2.3.2.jar,file:/Users/istiaque_hussain/.m2/repository/org/glassfish/jaxb/jaxb-runtime/2.3.2/istack-commons-runtime-3.0.8.jar,file:/Users/istiaque_hussain/.m2/repository/org/glassfish/jaxb/jaxb-runtime/2.3.2/stax-ex-1.8.1.jar,file:/Users/istiaque_hussain/.m2/repository/org/glassfish/jaxb/jaxb-runtime/2.3.2/FastInfoset-1.2.16.jar,file:/Users/istiaque_hussain/.m2/repository/org/glassfish/jaxb/jaxb-runtime/2.3.2/jakarta.activation-api-1.2.1.jar
2020-03-18 17:50:17.148  INFO 29603 --- [restartedMain] .e.DevToolsPropertyDefaultsPostProcessor : Devtools property defaults active! Set 'spring.devtools.add-properties' to 'false' to disable
2020-03-18 17:50:17.148  INFO 29603 --- [restartedMain] .e.DevToolsPropertyDefaultsPostProcessor : For additional web related logging consider setting the 'logging.level.web' property to 'DEBUG'
2020-03-18 17:50:17.746  INFO 29603 --- [restartedMain] .s.d.r.c.RepositoryConfigurationDelegate : Bootstrapping Spring Data JPA repositories in DEFAULT mode.
2020-03-18 17:50:17.800  INFO 29603 --- [restartedMain] .s.d.r.c.RepositoryConfigurationDelegate : Finished Spring Data repository scanning in 46ms. Found 4 JPA repository interfaces.
2020-03-18 17:50:18.061  INFO 29603 --- [restartedMain] trationDelegate$BeanPostProcessorChecker : Bean 'org.springframework.transaction.annotation.ProxyTransactionManagementConfiguration' of type [org.springframework.transaction.annotation.ProxyTransactionManagementConfiguration] is not eligible for getting processed by all BeanPostProcessors (for example: not eligible for auto-proxying)
2020-03-18 17:50:18.352  INFO 29603 --- [restartedMain] o.s.b.w.embedded.tomcat.TomcatWebServer  : Tomcat initialized with port(s): 9000 (http)
2020-03-18 17:50:18.360  INFO 29603 --- [restartedMain] o.apache.catalina.core.StandardService   : Starting service [Tomcat]
2020-03-18 17:50:18.360  INFO 29603 --- [restartedMain] org.apache.catalina.core.StandardEngine  : Starting Servlet engine: [Apache Tomcat/9.0.30]
2020-03-18 17:50:18.418  INFO 29603 --- [restartedMain] o.a.c.c.C.[Tomcat].[localhost].[/core]   : Initializing Spring embedded WebApplicationContext
2020-03-18 17:50:18.418  INFO 29603 --- [restartedMain] o.s.web.context.ContextLoader            : Root WebApplicationContext: initialization completed in 1270 ms
2020-03-18 17:50:18.468  INFO 29603 --- [restartedMain] com.zaxxer.hikari.HikariDataSource       : HikariPool-1 - Starting...
2020-03-18 17:50:21.634  INFO 29603 --- [restartedMain] com.zaxxer.hikari.HikariDataSource       : HikariPool-1 - Start completed.
2020-03-18 17:50:21.640  INFO 29603 --- [restartedMain] o.s.b.a.h2.H2ConsoleAutoConfiguration    : H2 console available at '/h2-console'. Database available at 'jdbc:mysql://34.240.225.110:3306/moidb'
2020-03-18 17:50:21.823  INFO 29603 --- [restartedMain] o.hibernate.jpa.internal.util.LogHelper  : HHH000204: Processing PersistenceUnitInfo [name: default]
2020-03-18 17:50:21.897  INFO 29603 --- [restartedMain] org.hibernate.Version                    : HHH000412: Hibernate Core {5.4.10.Final}
2020-03-18 17:50:22.023  INFO 29603 --- [restartedMain] o.hibernate.annotations.common.Version   : HCANN000001: Hibernate Commons Annotations {5.1.0.Final}
2020-03-18 17:50:22.113  INFO 29603 --- [restartedMain] org.hibernate.dialect.Dialect            : HHH000400: Using dialect: org.hibernate.dialect.MySQL8Dialect
2020-03-18 17:50:30.205  INFO 29603 --- [restartedMain] o.h.e.t.j.p.i.JtaPlatformInitiator       : HHH000490: Using JtaPlatform implementation: [org.hibernate.engine.transaction.jta.platform.internal.NoJtaPlatform]
2020-03-18 17:50:30.215  INFO 29603 --- [restartedMain] j.LocalContainerEntityManagerFactoryBean : Initialized JPA EntityManagerFactory for persistence unit 'default'
2020-03-18 17:50:30.230  INFO 29603 --- [restartedMain] o.s.b.d.a.OptionalLiveReloadServer       : LiveReload server is running on port 35729
2020-03-18 17:50:30.971  WARN 29603 --- [restartedMain] JpaBaseConfiguration$JpaWebConfiguration : spring.jpa.open-in-view is enabled by default. Therefore, database queries may be performed during view rendering. Explicitly configure spring.jpa.open-in-view to disable this warning
2020-03-18 17:50:31.109  INFO 29603 --- [restartedMain] o.s.s.concurrent.ThreadPoolTaskExecutor  : Initializing ExecutorService 'applicationTaskExecutor'
2020-03-18 17:50:31.442  INFO 29603 --- [restartedMain] o.s.b.w.embedded.tomcat.TomcatWebServer  : Tomcat started on port(s): 9000 (http) with context path '/core'
2020-03-18 17:50:31.445  INFO 29603 --- [restartedMain] com.coe.moi.core.CoreApplication         : Started CoreApplication in 104.694 seconds (JVM running for 105.145)
2020-03-18 17:50:31.447  INFO 29603 --- [restartedMain] com.coe.moi.core.CoreApplication         : Core Application Service  started successfully .....
2020-03-18 17:52:05.245  INFO 29603 --- [SpringContextShutdownHook] o.s.s.concurrent.ThreadPoolTaskExecutor  : Shutting down ExecutorService 'applicationTaskExecutor'
2020-03-18 17:52:05.246  INFO 29603 --- [SpringContextShutdownHook] j.LocalContainerEntityManagerFactoryBean : Closing JPA EntityManagerFactory for persistence unit 'default'
2020-03-18 17:52:05.249  INFO 29603 --- [SpringContextShutdownHook] com.zaxxer.hikari.HikariDataSource       : HikariPool-1 - Shutdown initiated...
2020-03-18 17:52:05.256  INFO 29603 --- [SpringContextShutdownHook] com.zaxxer.hikari.HikariDataSource       : HikariPool-1 - Shutdown completed.
